positions: instr line
events: cpu(ms)

ob=(1) storage.test
fl=(1) /usr/local/go/src/runtime/asm_amd64.s
fn=(1) runtime.procyield
0x45c616 550 80

ob=(1)
fl=(2) /usr/local/go/src/runtime/memmove_amd64.s
fn=(2) runtime.memmove
+7985 415 50

ob=(1)
fl=(3) /usr/local/go/src/runtime/memclr_amd64.s
fn=(3) runtime.memclrNoHeapPointers
-1627 78 40

ob=(1)
fl=(4) /usr/local/go/src/syscall/asm_linux_amd64.s
fn=(4) syscall.Syscall
+57444 27 40

ob=(1)
fl=(5) /usr/local/go/src/runtime/mbitmap.go
fn=(5) runtime.findObject
-355149 362 30

ob=(1)
fl=(3)
fn=(3)
+297700 77 30

ob=(1)
fl=(6) /usr/local/go/src/runtime/sys_linux_amd64.s
fn=(6) runtime.usleep
+2406 131 30

ob=(1)
fl=(6)
fn=(7) runtime.futex
+1430 536 30

ob=(1)
fl=(7) /usr/local/go/src/runtime/alg.go
fn=(8) runtime.ifaceeq
-371910 241 20

ob=(1)
fl=(8) /usr/local/go/src/runtime/mgcmark.go
fn=(9) runtime.scanblock
+118072 1066 20

ob=(1)
fl=(8)
fn=(10) runtime.scanobject
+709 1139 20

ob=(1)
fl=(2)
fn=(2)
+250733 362 20

ob=(1)
fl=(7)
fn=(11) runtime.interhash
-371278 152 10

ob=(1)
fl=(7)
fn=(8)
+1722 236 10

ob=(1)
fl=(9) /usr/local/go/src/runtime/iface.go
fn=(12) runtime.getitab
+24843 39 10

ob=(1)
fl=(9)
fn=(13) runtime.(*itabTableType).find
+886 96 10

ob=(1)
fl=(10) /usr/local/go/src/runtime/malloc.go
fn=(14) runtime.nextFreeFast
+11368 752 10

ob=(1)
fl=(10)
fn=(15) runtime.mallocgc
+157 995 10
+18 1007 10
+214 1036 10
+285 969 10
+331 930 10

ob=(1)
fl=(10)
fn=(14)
+103 750 10

ob=(1)
fl=(11) /usr/local/go/src/runtime/map.go
fn=(16) runtime.mapaccess2
+6420 493 10

ob=(1)
fl=(12) /usr/local/go/src/runtime/map_fast32.go
fn=(17) runtime.mapaccess2_fast32
+10159 57 10

ob=(1)
fl=(13) /usr/local/go/src/runtime/mbarrier.go
fn=(18) runtime.typedmemmove
+13403 171 10

ob=(1)
fl=(5)
fn=(5)
+2243 363 10
cfl=(14) /usr/local/go/src/runtime/mheap.go
cfn=(19) runtime.spanOf
calls=0 +2244 716
* * 10
cfl=(14)
cfn=(19)
calls=0 +3080 732
* * 10

ob=(1)
fl=(14)
fn=(20) runtime.arenaIndex
+21 643 10

ob=(1)
fl=(5)
fn=(5)
+29 365 10
+12 366 10
+36 370 10
+552 365 10
+144 415 10

ob=(1)
fl=(14)
fn=(19)
+43 732 10

ob=(1)
fl=(5)
fn=(21) runtime.heapBitsSetType
+5176 1166 10
+1038 1302 10
+261 1295 10
+288 1170 10

ob=(1)
fl=(15) /usr/local/go/src/runtime/mgclarge.go
fn=(22) runtime.(*mTreap).insert
+29207 248 10

ob=(1)
fl=(8)
fn=(9)
+10845 1065 10
+28 1066 10
+10 1068 10
+13 1068 10
+38 1070 10

ob=(1)
fl=(8)
fn=(10)
+678 1143 10
cfl=(5)
cfn=(23) runtime.heapBits.next
calls=0 +679 429
* * 10
cfl=(5)
cfn=(23)
calls=0 +943 432
* * 10

ob=(1)
fl=(5)
fn=(23)
+1 429 10

ob=(1)
fl=(8)
fn=(10)
+54 1164 10

ob=(1)
fl=(5)
fn=(24) runtime.add1
+214 122 10

ob=(1)
fl=(16) /usr/local/go/src/runtime/mgcsweep.go
fn=(25) runtime.sweepone
+5839 95 10

ob=(1)
fl=(14)
fn=(26) runtime.(*mheap).coalesce
+8201 438 10
+427 506 10

ob=(1)
fl=(14)
fn=(27) runtime.(*mheap).freeSpanLocked
+7633 1342 10

ob=(1)
fl=(14)
fn=(28) runtime.newMarkBits
+5748 1845 10

ob=(1)
fl=(17) /usr/local/go/src/runtime/mstats.go
fn=(29) runtime.cachestats
+10478 589 10

ob=(1)
fl=(18) /usr/local/go/src/runtime/proc.go
fn=(30) runtime.scang
+31860 922 10
+53 926 10

ob=(1)
fl=(19) /usr/local/go/src/runtime/string.go
fn=(31) runtime.stringtoslicebyte
+90955 164 10

ob=(1)
fl=(19)
fn=(32) runtime.rawbyteslice
+1636 277 10

ob=(1)
fl=(20) /usr/local/go/src/runtime/symtab.go
fn=(33) runtime.pcvalue
+8478 657 10
+39 657 10

ob=(1)
fl=(21) /usr/local/go/src/runtime/stubs.go
fn=(34) runtime.fastrand
+96 107 10

ob=(1)
fl=(20)
fn=(35) runtime.step
+2962 799 10
+76 808 10
+21 808 10

ob=(1)
fl=(20)
fn=(36) runtime.readvarint
+381 832 10

ob=(1)
fl=(1)
fn=(1)
+67756 547 10
+4 549 10

ob=(1)
fl=(3)
fn=(3)
+6365 79 10
+5 80 10
+153 126 10

ob=(1)
fl=(2)
fn=(2)
+214 35 10
+61 59 10
+247 174 10
+5 175 10
+329 242 10
+406 360 10

ob=(1)
fl=(6)
fn=(37) runtime.osyield
+2698 627 10

ob=(1)
fl=(22) /usr/local/go/src/strconv/itoa.go
fn=(38) strconv.formatBits
+186301 137 10

ob=(1)
fl=(23) /usr/local/go/src/reflect/value.go
fn=(39) reflect.valueInterface
+81443 1009 10

ob=(1)
fl=(24) /home/pandiya/go/src/gopkg.in/mgo.v2/bson/encode.go
fn=(40) gopkg.in/mgo.v2/bson.(*encoder).addElem
+660042 247 10

ob=(1)
fl=(24)
fn=(41) gopkg.in/mgo.v2/bson.(*encoder).addBytes
+27834 513 10
+526 513 10

ob=(1)
fl=(24)
fn=(40)
+773 284 10

ob=(1)
fl=(9)
fn=(12)
0x40a2fb 54 0
cfl=(9)
cfn=(13)
calls=0 0x40a574 96
* * 10

ob=(1)
fl=(9)
fn=(42) runtime.convTstring
+3615 355 0
cfl=(10)
cfn=(15)
calls=0 +13314 939
* * 10

ob=(1)
fl=(9)
fn=(43) runtime.assertE2I2
+1400 480 0
cfl=(9)
cfn=(12)
calls=0 -3868 39
* * 10
cfl=(9)
cfn=(12)
calls=0 -3615 54
* * 10

ob=(1)
fl=(25) /usr/local/go/src/runtime/lock_futex.go
fn=(44) runtime.lock
+1148 83 0
cfl=(1)
cfn=(1)
calls=0 +331652 550
* * 20

ob=(1)
fl=(25)
fn=(45) runtime.notetsleep_internal
+1235 193 0
cfl=(26) /usr/local/go/src/runtime/os_linux.go
cfn=(46) runtime.futexsleep
calls=0 +134099 63
* * 30

ob=(1)
fl=(25)
fn=(47) runtime.notetsleep
+207 216 0
cfl=(25)
cfn=(45)
calls=0 * 193
* * 30

ob=(1)
fl=(10)
fn=(48) runtime.(*mcache).nextFree
+3383 786 0
cfl=(27) /usr/local/go/src/runtime/mcache.go
cfn=(49) runtime.(*mcache).refill
calls=0 +49237 135
* * 60

ob=(1)
fl=(10)
fn=(15)
+1002 913 0
cfl=(10)
cfn=(14)
calls=0 +1013 752
* * 10
+525 1019 0
cfl=(10)
cfn=(50) runtime.profilealloc
calls=0 +2870 1095
* * 70
+205 969 0
cfl=(5)
cfn=(21)
calls=0 +38832 1166
* * 10
cfl=(5)
cfn=(21)
calls=0 +39870 1302
* * 10
cfl=(5)
cfn=(21)
calls=0 +40131 1295
* * 10
cfl=(5)
cfn=(21)
calls=0 +40419 1170
* * 10
+399 937 0
cfl=(10)
cfn=(14)
calls=0 +389 750
* * 10
+195 939 0
cfl=(10)
cfn=(48)
calls=0 -2131 786
* * 60
+260 949 0
cfl=(1)
cfn=(51) runtime.systemstack
calls=0 +317480 351
* * 20
+116 843 0
cfl=(8)
cfn=(52) runtime.gcAssistAlloc
calls=0 +73381 422
* * 20

ob=(1)
fl=(10)
fn=(53) runtime.largeAlloc
+339 1055 0
cfl=(14)
cfn=(54) runtime.(*mheap).alloc
calls=0 +99333 1053
* * 10
+148 1060 0
cfl=(5)
cfn=(55) runtime.heapBits.initSpan
calls=0 +36001 813
* * 10

ob=(1)
fl=(10)
fn=(56) reflect.unsafe_New
+267 1073 0
cfl=(10)
cfn=(15)
calls=0 -1457 969
* * 20
cfl=(10)
cfn=(15)
calls=0 -2001 1007
* * 10
cfl=(10)
cfn=(15)
calls=0 -1662 1019
* * 10
cfl=(10)
cfn=(15)
calls=0 -1502 969
* * 10
cfl=(10)
cfn=(15)
calls=0 -1171 930
* * 10
cfl=(10)
cfn=(15)
calls=0 -863 939
* * 10
cfl=(10)
cfn=(15)
calls=0 -487 843
* * 10

ob=(1)
fl=(10)
fn=(50)
+416 1095 0
cfl=(28) /usr/local/go/src/runtime/mprof.go
cfn=(57) runtime.mProf_Malloc
calls=0 +110206 342
* * 70

ob=(1)
fl=(11)
fn=(16)
+4505 475 0
cfl=(7)
cfn=(11)
calls=0 -41678 152
* * 10

ob=(1)
fl=(13)
fn=(58) reflect.typedmemmove
+23918 186 0
cfl=(13)
cfn=(18)
calls=0 +23726 171
* * 10

ob=(1)
fl=(14)
fn=(19)
+2052 716 0
cfl=(14)
cfn=(20)
calls=0 +2072 643
* * 10

ob=(1)
fl=(5)
fn=(55)
+4402 792 0
cfl=(14)
cfn=(28)
calls=0 +76048 1860
* * 10
cfl=(14)
cfn=(28)
calls=0 +76535 1845
* * 10
+293 813 0
cfl=(3)
cfn=(3)
calls=0 +293288 78
* * 10

ob=(1)
fl=(27)
fn=(49)
+6812 135 0
cfl=(29) /usr/local/go/src/runtime/mcentral.go
cfn=(59) runtime.(*mcentral).cacheSpan
calls=0 +8197 106
* * 60

ob=(1)
fl=(29)
fn=(59)
+1385 106 0
cfl=(29)
cfn=(60) runtime.(*mcentral).grow
calls=0 +2655 256
* * 40
cfl=(29)
cfn=(60)
calls=0 +2808 264
* * 20

ob=(1)
fl=(29)
fn=(61) runtime.(*mcentral).freeSpan
+970 246 0
cfl=(14)
cfn=(62) runtime.(*mheap).freeSpan
calls=0 +57339 1263
* * 20

ob=(1)
fl=(29)
fn=(60)
+300 256 0
cfl=(14)
cfn=(54)
calls=0 +53826 1053
* * 30
cfl=(14)
cfn=(54)
calls=0 +53745 1047
* * 10
+153 264 0
cfl=(5)
cfn=(55)
calls=0 -9760 792
* * 20

ob=(1)
fl=(30) /usr/local/go/src/runtime/mgc.go
fn=(63) runtime.gcMarkDone
+13521 1419 0
cfl=(1)
cfn=(51)
calls=0 +271144 351
* * 10
+315 1580 0
cfl=(30)
cfn=(64) runtime.gcMarkTermination
calls=0 +875 1605
* * 10

ob=(1)
fl=(30)
fn=(64)
+560 1605 0
cfl=(1)
cfn=(51)
calls=0 +257308 351
* * 10

ob=(1)
fl=(30)
fn=(65) runtime.gcBgMarkWorker
+3124 1890 0
cfl=(1)
cfn=(51)
calls=0 +256748 351
* * 260
+228 1963 0
cfl=(30)
cfn=(63)
calls=0 -3999 1419
* * 10
cfl=(30)
cfn=(63)
calls=0 -3684 1580
* * 10

ob=(1)
fl=(30)
fn=(66) runtime.gcMark
+1288 2068 0
cfl=(17)
cfn=(29)
calls=0 +54950 589
* * 10

ob=(1)
fl=(8)
fn=(67) runtime.markroot
+6241 161 0
cfl=(8)
cfn=(68) runtime.markrootBlock
calls=0 +7027 251
* * 20
+184 166 0
cfl=(8)
cfn=(68)
calls=0 +786 251
* * 20
+310 202 0
cfl=(8)
cfn=(69) runtime.markroot.func1
calls=0 +235755 221
* * 110

ob=(1)
fl=(8)
fn=(68)
+292 251 0
cfl=(8)
cfn=(9)
calls=0 +7565 1065
* * 10
cfl=(8)
cfn=(9)
calls=0 +7593 1066
* * 10
cfl=(8)
cfn=(9)
calls=0 +7603 1068
* * 10
cfl=(8)
cfn=(9)
calls=0 +7811 1071
* * 10

ob=(1)
fl=(8)
fn=(52)
+1242 422 0
cfl=(1)
cfn=(51)
calls=0 +245081 351
* * 20

ob=(1)
fl=(8)
fn=(70) runtime.gcAssistAlloc1
+661 514 0
cfl=(18)
cfn=(71) runtime.casgstatus
calls=0 +76701 816
* * 20

ob=(1)
fl=(8)
fn=(72) runtime.scanstack
+1779 711 0
cfl=(31) /usr/local/go/src/runtime/traceback.go
cfn=(73) runtime.gentraceback
calls=0 +205312 341
* * 70

ob=(1)
fl=(8)
fn=(74) runtime.scanframeworker
+1813 806 0
cfl=(8)
cfn=(9)
calls=0 +3674 1070
* * 30
cfl=(8)
cfn=(9)
calls=0 +3623 1066
* * 20
cfl=(8)
cfn=(9)
calls=0 +3642 1068
* * 10
cfl=(8)
cfn=(9)
calls=0 +3680 1070
* * 10

ob=(1)
fl=(8)
fn=(75) runtime.gcDrain
+318 899 0
cfl=(8)
cfn=(67)
calls=0 -5787 202
* * 110
cfl=(8)
cfn=(67)
calls=0 -6281 161
* * 20
cfl=(8)
cfn=(67)
calls=0 -6097 166
* * 20
+247 932 0
cfl=(8)
cfn=(10)
calls=0 +2334 1174
* * 40
cfl=(8)
cfn=(10)
calls=0 +2227 1143
* * 30
cfl=(8)
cfn=(10)
calls=0 +2201 1139
* * 20
cfl=(8)
cfn=(10)
calls=0 +2282 1164
* * 10
+330 924 0
cfl=(32) /usr/local/go/src/runtime/mwbbuf.go
cfn=(76) runtime.wbBufFlush
calls=0 +41629 206
* * 10

ob=(1)
fl=(8)
fn=(9)
+966 1070 0
cfl=(5)
cfn=(5)
calls=0 -46783 362
* * 30
+163 1071 0
cfl=(8)
cfn=(77) runtime.greyobject
calls=0 +1720 1267
* * 10

ob=(1)
fl=(8)
fn=(10)
+628 1174 0
cfl=(5)
cfn=(5)
calls=0 -47898 363
* * 20
cfl=(5)
cfn=(5)
calls=0 -47836 366
* * 10
cfl=(5)
cfn=(5)
calls=0 -47800 370
* * 10

ob=(1)
fl=(5)
fn=(23)
+158 432 0
cfl=(5)
cfn=(24)
calls=0 +162 122
* * 10

ob=(1)
fl=(8)
fn=(77)
+771 1267 0
cfl=(33) /usr/local/go/src/runtime/mgcwork.go
cfn=(78) runtime.(*gcWork).put
calls=0 +11006 182
* * 10

ob=(1)
fl=(16)
fn=(79) runtime.bgsweep
+4890 73 0
cfl=(16)
cfn=(25)
calls=0 +5713 136
* * 20
cfl=(16)
cfn=(25)
calls=0 +5072 95
* * 10
+36 77 0
cfl=(33)
cfn=(80) runtime.freeSomeWbufs
calls=0 +8154 534
* * 10

ob=(1)
fl=(16)
fn=(25)
+787 136 0
cfl=(16)
cfn=(81) runtime.(*mspan).sweep
calls=0 +2887 367
* * 20

ob=(1)
fl=(16)
fn=(81)
+2100 367 0
cfl=(29)
cfn=(61)
calls=0 -41305 246
* * 20

ob=(1)
fl=(33)
fn=(82) runtime.(*gcWork).init
+2108 117 0
cfl=(33)
cfn=(83) runtime.getempty
calls=0 +4122 439
* * 10

ob=(1)
fl=(33)
fn=(78)
+314 182 0
cfl=(33)
cfn=(82)
calls=0 * 117
* * 10

ob=(1)
fl=(33)
fn=(83)
+1700 439 0
cfl=(33)
cfn=(84) runtime.getempty.func1
calls=0 +216223 440
* * 10

ob=(1)
fl=(33)
fn=(80)
+1109 534 0
cfl=(1)
cfn=(51)
calls=0 +224070 351
* * 10

ob=(1)
fl=(14)
fn=(85) runtime.(*mheap).alloc_m
+4381 977 0
cfl=(14)
cfn=(86) runtime.(*mheap).allocSpanLocked
calls=0 +6835 1190
* * 10

ob=(1)
fl=(14)
fn=(54)
+728 1047 0
cfl=(1)
cfn=(51)
calls=0 +218580 351
* * 10
+81 1053 0
cfl=(3)
cfn=(3)
calls=0 +230083 78
* * 20
cfl=(3)
cfn=(3)
calls=0 +230078 77
* * 10
cfl=(3)
cfn=(3)
calls=0 +230093 80
* * 10

ob=(1)
fl=(14)
fn=(87) runtime.(*mheap).allocManual
+70 1076 0
cfl=(25)
cfn=(44)
calls=0 -106860 83
* * 10

ob=(1)
fl=(14)
fn=(86)
+1575 1190 0
cfl=(14)
cfn=(27)
calls=0 +3021 1352
* * 10

ob=(1)
fl=(14)
fn=(62)
+898 1263 0
cfl=(1)
cfn=(51)
calls=0 +216126 351
* * 20

ob=(1)
fl=(14)
fn=(88) runtime.(*mheap).freeManual
+151 1305 0
cfl=(14)
cfn=(27)
calls=0 +477 1346
* * 10

ob=(1)
fl=(14)
fn=(27)
+326 1346 0
cfl=(14)
cfn=(26)
calls=0 -7655 438
* * 10
cfl=(14)
cfn=(26)
calls=0 -7228 506
* * 10
+71 1352 0
cfl=(15)
cfn=(22)
calls=0 -33902 248
* * 10

ob=(1)
fl=(14)
fn=(28)
+5269 1860 0
cfl=(14)
cfn=(89) runtime.newArenaMayUnlock
calls=0 +6177 1946
* * 10

ob=(1)
fl=(14)
fn=(89)
+908 1946 0
cfl=(3)
cfn=(3)
calls=0 +221642 78
* * 10

ob=(1)
fl=(28)
fn=(57)
+2359 342 0
cfl=(31)
cfn=(90) runtime.callers
calls=0 +177436 813
* * 70

ob=(1)
fl=(32)
fn=(76)
+8752 206 0
cfl=(1)
cfn=(51)
calls=0 +206144 351
* * 30
cfl=(32)
cfn=(91) runtime.wbBufFlush.func1
calls=0 +199173 218
* * 10

ob=(1)
fl=(32)
fn=(92) runtime.wbBufFlush1
+312 288 0
cfl=(5)
cfn=(5)
calls=0 -88068 363
* * 10
cfl=(5)
cfn=(5)
calls=0 -88018 365
* * 10
cfl=(5)
cfn=(5)
calls=0 -87418 365
* * 10
cfl=(5)
cfn=(5)
calls=0 -87274 415
* * 10

ob=(1)
fl=(26)
fn=(46)
+6548 63 0
cfl=(6)
cfn=(7)
calls=0 +213142 536
* * 30

ob=(1)
fl=(18)
fn=(71)
+23394 816 0
cfl=(1)
cfn=(1)
calls=0 +196399 547
* * 10
cfl=(1)
cfn=(1)
calls=0 +196405 550
* * 10

ob=(1)
fl=(18)
fn=(30)
+574 923 0
cfl=(1)
cfn=(1)
calls=0 +173011 550
* * 50
cfl=(1)
cfn=(1)
calls=0 +173009 549
* * 10
+15 925 0
cfl=(6)
cfn=(37)
calls=0 +182918 627
* * 10
+275 888 0
cfl=(8)
cfn=(72)
calls=0 -74850 711
* * 30

ob=(1)
fl=(18)
fn=(93) runtime.mstart
+2683 1172 0
cfl=(18)
cfn=(94) runtime.mstart1
calls=0 +2912 1206
* * 40

ob=(1)
fl=(18)
fn=(94)
+229 1206 0
cfl=(18)
cfn=(95) runtime.sysmon
calls=0 +30268 4282
* * 20
cfl=(18)
cfn=(95)
calls=0 +31205 4305
* * 20

ob=(1)
fl=(18)
fn=(96) runtime.forEachP
+1563 1396 0
cfl=(25)
cfn=(47)
calls=0 -159827 216
* * 10

ob=(1)
fl=(18)
fn=(97) runtime.findrunnable
+6837 2261 0
cfl=(18)
cfn=(98) runtime.runqsteal
calls=0 +35464 4915
* * 10

ob=(1)
fl=(18)
fn=(99) runtime.schedule
+4280 2525 0
cfl=(18)
cfn=(97)
calls=0 * 2261
* * 10

ob=(1)
fl=(18)
fn=(100) runtime.park_m
+789 2605 0
cfl=(18)
cfn=(99)
calls=0 * 2525
* * 10

ob=(1)
fl=(18)
fn=(95)
+16570 4282 0
cfl=(6)
cfn=(6)
calls=0 +164525 131
* * 20
+937 4305 0
cfl=(25)
cfn=(47)
calls=0 -189866 216
* * 20

ob=(1)
fl=(18)
fn=(101) runtime.runqgrab
+5807 4880 0
cfl=(6)
cfn=(6)
calls=0 +147018 131
* * 10

ob=(1)
fl=(18)
fn=(98)
+244 4915 0
cfl=(18)
cfn=(101)
calls=0 * 4880
* * 10

ob=(1)
fl=(34) /usr/local/go/src/runtime/slice.go
fn=(102) runtime.growslice
+34586 175 0
cfl=(10)
cfn=(15)
calls=0 -191944 1019
* * 30
cfl=(10)
cfn=(15)
calls=0 -191145 939
* * 20
cfl=(10)
cfn=(15)
calls=0 -190885 949
* * 10
+42 178 0
cfl=(3)
cfn=(3)
calls=0 +103975 77
* * 20
cfl=(3)
cfn=(3)
calls=0 +103985 79
* * 10
+39 188 0
cfl=(2)
cfn=(2)
calls=0 +105565 415
* * 40
cfl=(2)
cfn=(2)
calls=0 +105373 362
* * 20
cfl=(2)
cfn=(2)
calls=0 +105363 360
* * 10
+68 181 0
cfl=(10)
cfn=(15)
calls=0 -226406 969
* * 20
cfl=(10)
cfn=(15)
calls=0 -226611 1019
* * 10
cfl=(10)
cfn=(15)
calls=0 -225552 949
* * 10

ob=(1)
fl=(35) /usr/local/go/src/runtime/stack.go
fn=(103) runtime.newstack
+8673 1019 0
cfl=(8)
cfn=(72)
calls=0 -149799 711
* * 40

ob=(1)
fl=(19)
fn=(104) runtime.slicebytetostring
+6938 102 0
cfl=(10)
cfn=(15)
calls=0 -235877 913
* * 10
cfl=(10)
cfn=(15)
calls=0 -234177 843
* * 10

ob=(1)
fl=(19)
fn=(31)
+410 163 0
cfl=(2)
cfn=(2)
calls=0 +88905 174
* * 10
cfl=(2)
cfn=(2)
calls=0 +88910 175
* * 10
cfl=(2)
cfn=(2)
calls=0 +89239 242
* * 10
+26 161 0
cfl=(19)
cfn=(32)
calls=0 +1606 272
* * 70
cfl=(19)
cfn=(32)
calls=0 +1637 277
* * 10
cfl=(19)
cfn=(32)
calls=0 +1678 274
* * 10

ob=(1)
fl=(19)
fn=(32)
+1580 272 0
cfl=(10)
cfn=(15)
calls=0 -242726 1019
* * 20
cfl=(10)
cfn=(15)
calls=0 -241927 939
* * 20
cfl=(10)
cfn=(15)
calls=0 -243083 995
* * 10
cfl=(10)
cfn=(15)
calls=0 -242851 1036
* * 10
cfl=(10)
cfn=(15)
calls=0 -242122 937
* * 10
+72 274 0
cfl=(3)
cfn=(3)
calls=0 +86367 126
* * 10

ob=(1)
fl=(20)
fn=(33)
+8480 657 0
cfl=(20)
cfn=(35)
calls=0 +11534 799
* * 10
cfl=(20)
cfn=(35)
calls=0 +11610 808
* * 10
cfl=(20)
cfn=(35)
calls=0 +11631 808
* * 10
cfl=(20)
cfn=(35)
calls=0 +11819 805
* * 10
+73 671 0
cfl=(21)
cfn=(34)
calls=0 +92 107
* * 10

ob=(1)
fl=(20)
fn=(105) runtime.pcdatavalue
+2502 771 0
cfl=(20)
cfn=(33)
calls=0 -73 657
* * 40
cfl=(20)
cfn=(33)
calls=0 -116 657
* * 10
cfl=(20)
cfn=(33)
calls=0 -77 657
* * 10
cfl=(20)
cfn=(33)
calls=0 * 671
* * 10

ob=(1)
fl=(20)
fn=(35)
+764 805 0
cfl=(20)
cfn=(36)
calls=0 +957 832
* * 10

ob=(1)
fl=(31)
fn=(73)
+23871 358 0
cfl=(20)
cfn=(105)
calls=0 -764 771
* * 70
+345 341 0
cfl=(8)
cfn=(106) runtime.scanstack.func1
calls=0 +28554 708
* * 70

ob=(1)
fl=(31)
fn=(90)
+6799 813 0
cfl=(1)
cfn=(51)
calls=0 +37866 351
* * 70

ob=(1)
fl=(10)
fn=(107) runtime.mallocgc.func1
+18683 950 0
cfl=(10)
cfn=(53)
calls=0 -285698 1055
* * 10
cfl=(10)
cfn=(53)
calls=0 -285550 1060
* * 10

ob=(1)
fl=(30)
fn=(108) runtime.gcMarkDone.func1
+920 1426 0
cfl=(18)
cfn=(96)
calls=0 -149415 1396
* * 10

ob=(1)
fl=(30)
fn=(109) runtime.gcMarkTermination.func1
+380 1606 0
cfl=(30)
cfn=(66)
calls=0 -240644 2068
* * 10

ob=(1)
fl=(30)
fn=(110) runtime.gcBgMarkWorker.func2
+742 1903 0
cfl=(8)
cfn=(75)
calls=0 -227937 932
* * 60
cfl=(8)
cfn=(75)
calls=0 -227607 924
* * 10
+236 1926 0
cfl=(8)
cfn=(75)
calls=0 -228926 899
* * 150
cfl=(8)
cfn=(75)
calls=0 -228679 932
* * 40

ob=(1)
fl=(8)
fn=(69)
+178 221 0
cfl=(18)
cfn=(30)
calls=0 -156458 923
* * 60
cfl=(18)
cfn=(30)
calls=0 -156168 888
* * 30
cfl=(18)
cfn=(30)
calls=0 -156443 925
* * 10
cfl=(18)
cfn=(30)
calls=0 -156427 926
* * 10

ob=(1)
fl=(8)
fn=(111) runtime.gcAssistAlloc.func1
+181 423 0
cfl=(8)
cfn=(70)
calls=0 -233250 514
* * 20

ob=(1)
fl=(8)
fn=(106)
+90 708 0
cfl=(8)
cfn=(74)
calls=0 -229839 806
* * 70

ob=(1)
fl=(33)
fn=(84)
+110 440 0
cfl=(14)
cfn=(87)
calls=0 -208044 1076
* * 10

ob=(1)
fl=(33)
fn=(112) runtime.freeSomeWbufs.func1
+179 542 0
cfl=(14)
cfn=(88)
calls=0 -205530 1305
* * 10

ob=(1)
fl=(14)
fn=(113) runtime.(*mheap).alloc.func1
+1198 1048 0
cfl=(14)
cfn=(85)
calls=0 -209212 977
* * 10

ob=(1)
fl=(14)
fn=(114) runtime.(*mheap).freeSpan.func1
+127 1265 0
cfl=(25)
cfn=(44)
calls=0 -316461 83
* * 10
+150 1284 0
cfl=(14)
cfn=(27)
calls=0 -206708 1346
* * 10

ob=(1)
fl=(32)
fn=(91)
+922 218 0
cfl=(32)
cfn=(92)
calls=0 -189187 288
* * 40

ob=(1)
fl=(31)
fn=(115) runtime.callers.func1
+4984 814 0
cfl=(31)
cfn=(73)
calls=0 -31240 358
* * 70

ob=(1)
fl=(1)
fn=(116) runtime.mcall
+1848 299 0
cfl=(18)
cfn=(100)
calls=0 -147906 2605
* * 10

ob=(1)
fl=(1)
fn=(51)
+139 351 0
cfl=(30)
cfn=(110)
calls=0 -9967 1926
* * 190
cfl=(30)
cfn=(110)
calls=0 -10203 1903
* * 70
cfl=(31)
cfn=(115)
calls=0 -1848 814
* * 70
cfl=(32)
cfn=(91)
calls=0 -6832 218
* * 30
cfl=(10)
cfn=(107)
calls=0 -12245 950
* * 20
cfl=(8)
cfn=(111)
calls=0 -9608 423
* * 20
cfl=(30)
cfn=(108)
calls=0 -11325 1426
* * 10
cfl=(30)
cfn=(109)
calls=0 -10945 1606
* * 10
cfl=(33)
cfn=(112)
calls=0 -9229 542
* * 10
cfl=(14)
cfn=(113)
calls=0 -8031 1048
* * 10
cfl=(14)
cfn=(114)
calls=0 -7904 1265
* * 10
cfl=(14)
cfn=(114)
calls=0 -7754 1284
* * 10

ob=(1)
fl=(1)
fn=(117) runtime.gcWriteBarrier
+8478 1424 0
cfl=(32)
cfn=(76)
calls=0 -197392 206
* * 30

ob=(1)
fl=(36) /usr/local/go/src/sync/mutex.go
fn=(118) sync.(*Mutex).Lock
+35477 72 0
cfl=(35)
cfn=(103)
calls=0 -91405 1019
* * 10

ob=(1)
fl=(37) /usr/local/go/src/syscall/zsyscall_linux_amd64.go
fn=(119) syscall.write
+19649 1005 0
cfl=(4)
cfn=(4)
calls=0 +25720 27
* * 40

ob=(1)
fl=(38) /usr/local/go/src/internal/poll/fd_unix.go
fn=(120) internal/poll.(*FD).Write
+77725 268 0
cfl=(39) /usr/local/go/src/syscall/syscall_unix.go
cfn=(121) syscall.Write
calls=0 +77775 191
* * 40

ob=(1)
fl=(39)
fn=(121)
+50 191 0
cfl=(37)
cfn=(119)
calls=0 -77725 1005
* * 40

ob=(1)
fl=(22)
fn=(122) strconv.FormatInt
+59873 29 0
cfl=(22)
cfn=(38)
calls=0 +61906 200
* * 20
cfl=(22)
cfn=(38)
calls=0 +61276 137
* * 10
+69 25 0
cfl=(35)
cfn=(103)
calls=0 -284179 1019
* * 20

ob=(1)
fl=(22)
fn=(38)
+1964 200 0
cfl=(19)
cfn=(104)
calls=0 -277310 102
* * 20

ob=(1)
fl=(23)
fn=(123) reflect.packEface
+73667 118 0
cfl=(10)
cfn=(56)
calls=0 -519635 1073
* * 80
+34 119 0
cfl=(13)
cfn=(58)
calls=0 -564463 186
* * 10

ob=(1)
fl=(23)
fn=(124) reflect.Value.Field
+5452 811 0
cfl=(35)
cfn=(103)
calls=0 -359913 1019
* * 10

ob=(1)
fl=(23)
fn=(39)
+1654 1009 0
cfl=(23)
cfn=(123)
calls=0 -5486 118
* * 80
cfl=(23)
cfn=(123)
calls=0 -5452 119
* * 10

ob=(1)
fl=(40) /usr/local/go/src/testing/benchmark.go
fn=(125) testing.(*B).runN
+175409 176 0
cfl=(41) /home/pandiya/go/src/k8s.io/texa/storage/chatStore_test.go
cfn=(126) k8s.io/texa/storage.BenchmarkAddtoMongo
calls=0 0x5b59d8 20036
* * 720

ob=(1)
fl=(40)
fn=(127) testing.(*B).launch
+1902 328 0
cfl=(40)
cfn=(125)
calls=0 * 176
* * 710

ob=(1)
fl=(40)
fn=(128) testing.(*B).run1.func1
+36441 249 0
cfl=(40)
cfn=(125)
calls=0 -1902 176
* * 10

ob=(1)
fl=(42) /home/pandiya/go/src/gopkg.in/mgo.v2/bson/bson.go
fn=(129) gopkg.in/mgo.v2/bson.Marshal
+400101 507 0
cfl=(24)
cfn=(130) gopkg.in/mgo.v2/bson.(*encoder).addDoc
calls=0 +438286 121
* * 610

ob=(1)
fl=(42)
fn=(131) gopkg.in/mgo.v2/bson.getStructInfo
+1415 632 0
cfl=(11)
cfn=(16)
calls=0 0x40eea0 475
* * 10
cfl=(11)
cfn=(16)
calls=0 0x40ef44 493
* * 10

ob=(1)
fl=(24)
fn=(130)
+36404 86 0
cfl=(23)
cfn=(132) reflect.Value.Interface
calls=0 +36428 979
* * 30

ob=(1)
fl=(23)
fn=(132)
+24 979 0
cfl=(23)
cfn=(39)
calls=0 -651672 1009
* * 30

ob=(1)
fl=(24)
fn=(130)
+342 121 0
cfl=(24)
cfn=(133) gopkg.in/mgo.v2/bson.(*encoder).addSlice
calls=0 +6253 207
* * 610
cfl=(24)
cfn=(133)
calls=0 +7078 234
* * 610
cfl=(24)
cfn=(133)
calls=0 +7127 234
* * 50
+399 119 0
cfl=(24)
cfn=(134) gopkg.in/mgo.v2/bson.(*encoder).addStruct
calls=0 +2502 163
* * 610
cfl=(24)
cfn=(134)
calls=0 +2061 137
* * 20
cfl=(24)
cfn=(134)
calls=0 +2625 156
* * 10

ob=(1)
fl=(24)
fn=(134)
+1662 137 0
cfl=(42)
cfn=(131)
calls=0 -37169 632
* * 20
+441 163 0
cfl=(24)
cfn=(40)
calls=0 +41490 364
* * 610
cfl=(24)
cfn=(40)
calls=0 +34074 297
* * 310
cfl=(24)
cfn=(40)
calls=0 +33720 296
* * 40
cfl=(24)
cfn=(40)
calls=0 +6666 254
* * 20
cfl=(24)
cfn=(40)
calls=0 +6742 254
* * 20
cfl=(24)
cfn=(40)
calls=0 +35107 284
* * 20
cfl=(24)
cfn=(40)
calls=0 +35082 284
* * 10
cfl=(24)
cfn=(40)
calls=0 +37092 281
* * 10
+123 156 0
cfl=(23)
cfn=(124)
calls=0 -656194 811
* * 10

ob=(1)
fl=(24)
fn=(133)
+3286 207 0
cfl=(24)
cfn=(40)
calls=0 +40926 364
* * 610
+825 234 0
cfl=(24)
cfn=(40)
calls=0 +15600 266
* * 610
cfl=(24)
cfn=(40)
calls=0 +17603 450
* * 490
cfl=(24)
cfn=(40)
calls=0 +2816 254
* * 40
cfl=(24)
cfn=(40)
calls=0 +2099 247
* * 10
cfl=(24)
cfn=(40)
calls=0 +15636 388
* * 10
cfl=(24)
cfn=(40)
calls=0 +17228 449
* * 10
+49 234 0
cfl=(24)
cfn=(135) gopkg.in/mgo.v2/bson.itoa
calls=0 +97 74
* * 50

ob=(1)
fl=(24)
fn=(135)
+48 74 0
cfl=(22)
cfn=(136) strconv.Itoa
calls=0 +66 35
* * 50

ob=(1)
fl=(22)
fn=(136)
+18 35 0
cfl=(22)
cfn=(122)
calls=0 -741711 29
* * 30
cfl=(22)
cfn=(122)
calls=0 -741642 25
* * 20

ob=(1)
fl=(24)
fn=(40)
+1876 254 0
cfl=(23)
cfn=(132)
calls=0 +1916 979
* * 60

ob=(1)
fl=(23)
fn=(132)
+40 979 0
cfl=(23)
cfn=(39)
calls=0 -660765 1009
* * 50
cfl=(23)
cfn=(39)
calls=0 -660759 1009
* * 10

ob=(1)
fl=(24)
fn=(40)
+36 254 0
cfl=(9)
cfn=(43)
calls=0 0x40b692 480
* * 20
+12708 266 0
cfl=(24)
cfn=(40)
calls=0 +14711 450
* * 610
+36 388 0
cfl=(23)
cfn=(132)
calls=0 +76 979
* * 10

ob=(1)
fl=(23)
fn=(132)
+40 979 0
cfl=(23)
cfn=(39)
calls=0 -673585 1009
* * 10

ob=(1)
fl=(24)
fn=(40)
+1552 449 0
cfl=(24)
cfn=(137) gopkg.in/mgo.v2/bson.(*encoder).addElemName
calls=0 +1673 243
* * 10

ob=(1)
fl=(24)
fn=(137)
+121 243 0
cfl=(24)
cfn=(41)
calls=0 +210 513
* * 10

ob=(1)
fl=(24)
fn=(41)
+89 513 0
cfl=(2)
cfn=(2)
calls=0 -946782 35
* * 10

ob=(1)
fl=(24)
fn=(40)
+165 450 0
cfl=(24)
cfn=(130)
calls=0 -22950 119
* * 610
cfl=(24)
cfn=(130)
calls=0 -23715 86
* * 30
+12267 296 0
cfl=(24)
cfn=(137)
calls=0 +12396 243
* * 20
cfl=(24)
cfn=(137)
calls=0 +12284 242
* * 10
cfl=(24)
cfn=(137)
calls=0 +12397 243
* * 10

ob=(1)
fl=(24)
fn=(137)
+17 242 0
cfl=(24)
cfn=(41)
calls=0 +63 513
* * 10
+112 243 0
cfl=(19)
cfn=(31)
calls=0 0x4487ea 163
* * 20
+1 243 0
cfl=(24)
cfn=(41)
calls=0 +90 513
* * 10

ob=(1)
fl=(24)
fn=(41)
+89 513 0
cfl=(2)
cfn=(2)
calls=0 -959372 59
* * 10

ob=(1)
fl=(24)
fn=(40)
+135 297 0
cfl=(24)
cfn=(138) gopkg.in/mgo.v2/bson.(*encoder).addStr
calls=0 +228 476
* * 300
cfl=(24)
cfn=(138)
calls=0 +136 475
* * 10

ob=(1)
fl=(24)
fn=(138)
+1 475 0
cfl=(24)
cfn=(139) gopkg.in/mgo.v2/bson.(*encoder).addInt32
calls=0 +32 499
* * 10

ob=(1)
fl=(24)
fn=(139)
+31 499 0
cfl=(24)
cfn=(41)
calls=0 +577 513
* * 10

ob=(1)
fl=(24)
fn=(138)
+61 476 0
cfl=(24)
cfn=(140) gopkg.in/mgo.v2/bson.(*encoder).addCStr
calls=0 +97 480
* * 180
cfl=(24)
cfn=(140)
calls=0 +96 480
* * 110
cfl=(24)
cfn=(140)
calls=0 +259 481
* * 10

ob=(1)
fl=(24)
fn=(140)
+35 480 0
cfl=(19)
cfn=(31)
calls=0 0x448804 161
* * 90
cfl=(19)
cfn=(31)
calls=0 0x4487ea 163
* * 10
cfl=(19)
cfn=(31)
calls=0 0x4487eb 164
* * 10
+1 480 0
cfl=(24)
cfn=(41)
calls=0 +403 513
* * 160
cfl=(24)
cfn=(41)
calls=0 +107 513
* * 10
cfl=(24)
cfn=(41)
calls=0 +338 513
* * 10
+162 481 0
cfl=(24)
cfn=(41)
calls=0 +228 513
* * 10

ob=(1)
fl=(24)
fn=(41)
+66 513 0
cfl=(1)
cfn=(117)
calls=0 -964078 1424
* * 10
+109 513 0
cfl=(1)
cfn=(117)
calls=0 -964144 1424
* * 10
+65 513 0
cfl=(34)
cfn=(102)
calls=0 0x444911 188
* * 70
cfl=(34)
cfn=(102)
calls=0 0x4448c0 175
* * 60
cfl=(34)
cfn=(102)
calls=0 0x4448ea 178
* * 30
+47 513 0
cfl=(1)
cfn=(117)
calls=0 -964318 1424
* * 10

ob=(1)
fl=(24)
fn=(40)
+455 284 0
cfl=(7)
cfn=(8)
calls=0 0x4040f3 236
* * 10
cfl=(7)
cfn=(8)
calls=0 0x40411d 241
* * 10
+1985 281 0
cfl=(7)
cfn=(8)
calls=0 0x40411d 241
* * 10
+4398 364 0
cfl=(24)
cfn=(130)
calls=0 -39153 121
* * 610

ob=(1)
fl=(43) /usr/local/go/src/net/fd_unix.go
fn=(141) net.(*netFD).Write
+200216 220 0
cfl=(38)
cfn=(120)
calls=0 -838352 268
* * 40

ob=(1)
fl=(44) /usr/local/go/src/net/net.go
fn=(142) net.(*conn).Write
+48842 189 0
cfl=(43)
cfn=(141)
calls=0 * 220
* * 40

ob=(1)
fl=(45) /home/pandiya/go/src/gopkg.in/mgo.v2/session.go
fn=(143) gopkg.in/mgo%2ev2.(*Database).run
+135745 3261 0
cfl=(46) /home/pandiya/go/src/gopkg.in/mgo.v2/socket.go
cfn=(144) gopkg.in/mgo%2ev2.(*mongoSocket).SimpleQuery
calls=0 +154573 363
* * 680

ob=(1)
fl=(45)
fn=(145) gopkg.in/mgo%2ev2.(*Collection).writeOp
+5027 4645 0
cfl=(45)
cfn=(146) gopkg.in/mgo%2ev2.(*Collection).writeOpCommand
calls=0 +8849 4786
* * 680

ob=(1)
fl=(45)
fn=(146)
+3822 4786 0
cfl=(45)
cfn=(143)
calls=0 -5027 3261
* * 680

ob=(1)
fl=(46)
fn=(147) gopkg.in/mgo%2ev2.(*mongoSocket).updateDeadline
+7208 311 0
cfl=(9)
cfn=(42)
calls=0 0x40b11a 355
* * 10

ob=(1)
fl=(46)
fn=(144)
+2771 363 0
cfl=(46)
cfn=(148) gopkg.in/mgo%2ev2.(*mongoSocket).Query
calls=0 +8536 435
* * 620
cfl=(46)
cfn=(148)
calls=0 +5707 525
* * 40
cfl=(46)
cfn=(148)
calls=0 +4851 490
* * 10
cfl=(46)
cfn=(148)
calls=0 +5642 524
* * 10

ob=(1)
fl=(46)
fn=(148)
+2080 490 0
cfl=(36)
cfn=(118)
calls=0 0x465ad8 72
* * 10
+791 524 0
cfl=(46)
cfn=(147)
calls=0 -4851 311
* * 10
+65 525 0
cfl=(44)
cfn=(142)
calls=0 -157444 189
* * 40
+2829 435 0
cfl=(46)
cfn=(149) gopkg.in/mgo%2ev2.addBSON
calls=0 +11335 677
* * 610
cfl=(46)
cfn=(149)
calls=0 +11431 681
* * 10

ob=(1)
fl=(46)
fn=(150) gopkg.in/mgo%2ev2.(*mongoSocket).readLoop
+7857 583 0
cfl=(12)
cfn=(17)
calls=0 0x4116f3 57
* * 10

ob=(1)
fl=(46)
fn=(149)
+649 677 0
cfl=(42)
cfn=(129)
calls=0 -498989 507
* * 610
+96 681 0
cfl=(2)
cfn=(2)
calls=0 0x45e547 415
* * 10

ob=(1)
fl=(47) /home/pandiya/go/src/k8s.io/texa/storage/chatStore.go
fn=(151) k8s.io/texa/storage.formJson
+20153 52 0
cfl=(34)
cfn=(102)
calls=0 0x444955 181
* * 40

ob=(1)
fl=(47)
fn=(152) k8s.io/texa/storage.AddToMongo
+775 67 0
cfl=(47)
cfn=(151)
calls=0 * 52
* * 40
+220 67 0
cfl=(45)
cfn=(153) gopkg.in/mgo%2ev2.(*Collection).Insert
calls=0 +357 2437
* * 680

ob=(1)
fl=(45)
fn=(153)
+137 2437 0
cfl=(45)
cfn=(145)
calls=0 -49316 4645
* * 680

ob=(1)
fl=(41)
fn=(126)
+991 20036 0
cfl=(47)
cfn=(152)
calls=0 -137 67
* * 680
cfl=(47)
cfn=(152)
calls=0 -357 67
* * 40
